<?xml version="1.0" encoding="UTF-8"?>
<!-- Generated by org.testng.reporters.JUnitReportReporter -->
<testsuite hostname="EC2AMAZ-S11DBRH" failures="0" tests="1" name="testScripts.SampleTest" time="6.586" errors="0" timestamp="2023-12-08T07:11:20 GMT" skipped="0">
  <testcase classname="testScripts.SampleTest" name="cucumbersearchTest" time="6.586"/>
  <system-out/>
</testsuite> <!-- testScripts.SampleTest -->
