<?xml version="1.0" encoding="UTF-8"?>
<!-- Generated by org.testng.reporters.JUnitReportReporter -->
<testsuite hostname="EC2AMAZ-S11DBRH" failures="0" tests="4" name="testScripts.SampleFourTest" time="0.007" errors="0" timestamp="2023-12-08T07:13:44 GMT" skipped="0">
  <testcase classname="testScripts.SampleFourTest" name="testfour" time="0.002"/>
  <system-out/>
  <testcase classname="testScripts.SampleFourTest" name="testone" time="0.001"/>
  <system-out/>
  <testcase classname="testScripts.SampleFourTest" name="testthree" time="0.002"/>
  <system-out/>
  <testcase classname="testScripts.SampleFourTest" name="testtwo" time="0.002"/>
  <system-out/>
</testsuite> <!-- testScripts.SampleFourTest -->
