<?xml version="1.0" encoding="UTF-8"?>
<!-- Generated by org.testng.reporters.JUnitReportReporter -->
<testsuite hostname="EC2AMAZ-S11DBRH" failures="0" tests="2" name="testScripts.GoogleTest" time="14.310" errors="0" timestamp="2023-12-08T07:11:20 GMT" skipped="0">
  <testcase classname="testScripts.GoogleTest" name="CucumberSearchTest" time="7.447"/>
  <system-out/>
  <testcase classname="testScripts.GoogleTest" name="javaSearchTest" time="6.863"/>
  <system-out/>
</testsuite> <!-- testScripts.GoogleTest -->
