<?xml version="1.0" encoding="UTF-8"?>
<!-- Generated by org.testng.reporters.JUnitReportReporter -->
<testsuite hostname="EC2AMAZ-S11DBRH" failures="0" tests="4" name="testScripts.SampleThreeTest" time="0.015" errors="0" timestamp="2023-12-08T07:13:44 GMT" skipped="0">
  <testcase classname="testScripts.SampleThreeTest" name="testthree" time="0.002"/>
  <system-out/>
  <testcase classname="testScripts.SampleThreeTest" name="testtwo" time="0.002"/>
  <system-out/>
  <testcase classname="testScripts.SampleThreeTest" name="testone" time="0.002"/>
  <system-out/>
  <testcase classname="testScripts.SampleThreeTest" name="testfour" time="0.009"/>
  <system-out/>
</testsuite> <!-- testScripts.SampleThreeTest -->
